--- START OF LOG ---

Date: 2024-10-08 00:00:00
CPU Usage (%): 29.7
Memory Usage (GB): 35.4 / 64.0 (55.3%)
Disk Read (MB/s): 15.8
Disk Write (MB/s): 11.3
Network In (MB/s): 9.7
Network Out (MB/s): 8.4

Date: 2024-10-08 06:00:00
CPU Usage (%): 42.1
Memory Usage (GB): 36.2 / 64.0 (56.6%)
Disk Read (MB/s): 18.9
Disk Write (MB/s): 14.5
Network In (MB/s): 11.2
Network Out (MB/s): 9.9

Date: 2024-10-08 12:00:00
CPU Usage (%): 34.8
Memory Usage (GB): 36.8 / 64.0 (57.5%)
Disk Read (MB/s): 16.7
Disk Write (MB/s): 12.9
Network In (MB/s): 10.3
Network Out (MB/s): 9.1

Date: 2024-10-08 18:00:00
CPU Usage (%): 51.2
Memory Usage (GB): 37.9 / 64.0 (59.2%)
Disk Read (MB/s): 21.3
Disk Write (MB/s): 17.4
Network In (MB/s): 12.7
Network Out (MB/s): 11.2

---

Date: 2024-10-09 00:00:00
CPU Usage (%): 31.5
Memory Usage (GB): 36.1 / 64.0 (56.4%)
Disk Read (MB/s): 17.2
Disk Write (MB/s): 12.6
Network In (MB/s): 10.6
Network Out (MB/s): 9.3

Date: 2024-10-09 06:00:00
CPU Usage (%): 45.6
Memory Usage (GB): 37.0 / 64.0 (57.8%)
Disk Read (MB/s): 19.8
Disk Write (MB/s): 15.7
Network In (MB/s): 12.1
Network Out (MB/s): 10.4

Date: 2024-10-09 12:00:00
CPU Usage (%): 38.2
Memory Usage (GB): 37.5 / 64.0 (58.5%)
Disk Read (MB/s): 18.3
Disk Write (MB/s): 14.1
Network In (MB/s): 11.4
Network Out (MB/s): 9.7

Date: 2024-10-09 18:00:00
CPU Usage (%): 52.9
Memory Usage (GB): 38.4 / 64.0 (60.0%)
Disk Read (MB/s): 22.5
Disk Write (MB/s): 19.0
Network In (MB/s): 13.5
Network Out (MB/s): 11.9

---

Date: 2024-10-10 00:00:00
CPU Usage (%): 33.9
Memory Usage (GB): 36.9 / 64.0 (57.7%)
Disk Read (MB/s): 18.0
Disk Write (MB/s): 13.2
Network In (MB/s): 10.9
Network Out (MB/s): 9.6

Date: 2024-10-10 06:00:00
CPU Usage (%): 44.7
Memory Usage (GB): 37.6 / 64.0 (58.7%)
Disk Read (MB/s): 20.7
Disk Write (MB/s): 16.4
Network In (MB/s): 12.4
Network Out (MB/s): 10.8

Date: 2024-10-10 12:00:00
CPU Usage (%): 36.4
Memory Usage (GB): 37.4 / 64.0 (58.4%)
Disk Read (MB/s): 17.8
Disk Write (MB/s): 14.3
Network In (MB/s): 10.5
Network Out (MB/s): 9.2

Date: 2024-10-10 18:00:00
CPU Usage (%): 54.3
Memory Usage (GB): 39.1 / 64.0 (61.1%)
Disk Read (MB/s): 23.1
Disk Write (MB/s): 20.5
Network In (MB/s): 14.2
Network Out (MB/s): 12.3

---

Date: 2024-10-11 00:00:00
CPU Usage (%): 35.8
Memory Usage (GB): 37.0 / 64.0 (57.8%)
Disk Read (MB/s): 18.4
Disk Write (MB/s): 13.5
Network In (MB/s): 11.0
Network Out (MB/s): 9.5

Date: 2024-10-11 06:00:00
CPU Usage (%): 46.5
Memory Usage (GB): 38.2 / 64.0 (59.7%)
Disk Read (MB/s): 21.5
Disk Write (MB/s): 16.8
Network In (MB/s): 12.8
Network Out (MB/s): 10.9

Date: 2024-10-11 12:00:00
CPU Usage (%): 39.2
Memory Usage (GB): 37.9 / 64.0 (59.2%)
Disk Read (MB/s): 19.0
Disk Write (MB/s): 14.7
Network In (MB/s): 11.3
Network Out (MB/s): 9.8

Date: 2024-10-11 18:00:00
CPU Usage (%): 55.7
Memory Usage (GB): 39.4 / 64.0 (61.5%)
Disk Read (MB/s): 24.1
Disk Write (MB/s): 21.1
Network In (MB/s): 14.9
Network Out (MB/s): 12.6

---

Date: 2024-10-12 00:00:00
CPU Usage (%): 37.1
Memory Usage (GB): 37.6 / 64.0 (58.7%)
Disk Read (MB/s): 19.2
Disk Write (MB/s): 14.1
Network In (MB/s): 11.5
Network Out (MB/s): 9.7

Date: 2024-10-12 06:00:00
CPU Usage (%): 48.4
Memory Usage (GB): 38.9 / 64.0 (60.8%)
Disk Read (MB/s): 22.4
Disk Write (MB/s): 18.2
Network In (MB/s): 13.2
Network Out (MB/s): 11.1

Date: 2024-10-12 12:00:00
CPU Usage (%): 40.8
Memory Usage (GB): 38.5 / 64.0 (60.1%)
Disk Read (MB/s): 19.9
Disk Write (MB/s): 15.0
Network In (MB/s): 11.9
Network Out (MB/s): 10.1

Date: 2024-10-12 18:00:00
CPU Usage (%): 57.1
Memory Usage (GB): 40.1 / 64.0 (62.7%)
Disk Read (MB/s): 25.3
Disk Write (MB/s): 22.3
Network In (MB/s): 15.8
Network Out (MB/s): 13.1

---

Date: 2024-10-13 00:00:00
CPU Usage (%): 38.5
Memory Usage (GB): 38.2 / 64.0 (59.7%)
Disk Read (MB/s): 20.3
Disk Write (MB/s): 14.4
Network In (MB/s): 12.1
Network Out (MB/s): 10.4

Date: 2024-10-13 06:00:00
CPU Usage (%): 49.6
Memory Usage (GB): 39.3 / 64.0 (61.4%)
Disk Read (MB/s): 23.0
Disk Write (MB/s): 19.4
Network In (MB/s): 13.6
Network Out (MB/s): 11.4

Date: 2024-10-13 12:00:00
CPU Usage (%): 41.7
Memory Usage (GB): 38.7 / 64.0 (60.4%)
Disk Read (MB/s): 20.6
Disk Write (MB/s): 15.8
Network In (MB/s): 12.0
Network Out (MB/s): 10.2

Date: 2024-10-13 18:00:00
CPU Usage (%): 58.3
Memory Usage (GB): 40.4 / 64.0 (63.1%)
Disk Read (MB/s): 26.0
Disk Write (MB/s): 23.4
Network In (MB/s): 16.1
Network Out (MB/s): 13.4

---

Date: 2024-10-14 00:00:00
CPU Usage (%): 39.9
Memory Usage (GB): 38.6 / 64.0 (60.3%)
Disk Read (MB/s): 21.0
Disk Write (MB/s): 15.3
Network In (MB/s): 12.4
Network Out (MB/s): 10.6

Date: 2024-10-14 06:00:00
CPU Usage (%): 51.0
Memory Usage (GB): 39.5 / 64.0 (61.7%)
Disk Read (MB/s): 24.2
Disk Write (MB/s): 19.6
Network In (MB/s): 14.1
Network Out (MB/s): 11.7

Date: 2024-10-14 12:00:00
CPU Usage (%): 43.4
Memory Usage (GB): 39.1 / 64.0 (61.1%)
Disk Read (MB/s): 20.9
Disk Write (MB/s): 16.2
Network In (MB/s): 12.6
Network Out (MB/s): 10.8

Date: 2024-10-14 18:00:00
CPU Usage (%): 56.8
Memory Usage (GB): 41.0 / 64.0 (64.1%)
Disk Read (MB/s): 27.1
Disk Write (MB/s): 23.9
Network In (MB/s): 16.5
Network Out (MB/s): 13.8

--- END OF LOG ---