--- START OF LOG ---

Date: 2024-10-15 00:00:00
CPU Usage (%): 34.5
Memory Usage (GB): 45.3 / 64.0 (70.8%)
Disk Read (MB/s): 23.1
Disk Write (MB/s): 18.4
Network In (MB/s): 12.5
Network Out (MB/s): 10.8

Date: 2024-10-15 06:00:00
CPU Usage (%): 47.8
Memory Usage (GB): 46.0 / 64.0 (71.9%)
Disk Read (MB/s): 29.3
Disk Write (MB/s): 21.0
Network In (MB/s): 13.1
Network Out (MB/s): 12.3

Date: 2024-10-15 12:00:00
CPU Usage (%): 29.4
Memory Usage (GB): 45.8 / 64.0 (71.6%)
Disk Read (MB/s): 15.6
Disk Write (MB/s): 17.8
Network In (MB/s): 9.6
Network Out (MB/s): 8.7

Date: 2024-10-15 18:00:00
CPU Usage (%): 55.2
Memory Usage (GB): 47.5 / 64.0 (74.2%)
Disk Read (MB/s): 30.7
Disk Write (MB/s): 28.2
Network In (MB/s): 14.8
Network Out (MB/s): 13.4

---

Date: 2024-10-16 00:00:00
CPU Usage (%): 39.1
Memory Usage (GB): 46.3 / 64.0 (72.3%)
Disk Read (MB/s): 22.7
Disk Write (MB/s): 19.5
Network In (MB/s): 11.6
Network Out (MB/s): 9.5

Date: 2024-10-16 06:00:00
CPU Usage (%): 42.4
Memory Usage (GB): 46.9 / 64.0 (73.2%)
Disk Read (MB/s): 25.2
Disk Write (MB/s): 21.4
Network In (MB/s): 12.7
Network Out (MB/s): 11.2

Date: 2024-10-16 12:00:00
CPU Usage (%): 33.6
Memory Usage (GB): 46.5 / 64.0 (72.7%)
Disk Read (MB/s): 18.9
Disk Write (MB/s): 17.6
Network In (MB/s): 10.8
Network Out (MB/s): 9.6

Date: 2024-10-16 18:00:00
CPU Usage (%): 51.5
Memory Usage (GB): 48.2 / 64.0 (75.3%)
Disk Read (MB/s): 29.1
Disk Write (MB/s): 25.8
Network In (MB/s): 13.9
Network Out (MB/s): 12.5

---

Date: 2024-10-17 00:00:00
CPU Usage (%): 37.2
Memory Usage (GB): 46.8 / 64.0 (73.1%)
Disk Read (MB/s): 21.3
Disk Write (MB/s): 18.6
Network In (MB/s): 11.2
Network Out (MB/s): 9.1

Date: 2024-10-17 06:00:00
CPU Usage (%): 43.0
Memory Usage (GB): 47.1 / 64.0 (73.6%)
Disk Read (MB/s): 26.4
Disk Write (MB/s): 22.5
Network In (MB/s): 13.3
Network Out (MB/s): 11.8

Date: 2024-10-17 12:00:00
CPU Usage (%): 35.5
Memory Usage (GB): 47.0 / 64.0 (73.4%)
Disk Read (MB/s): 19.5
Disk Write (MB/s): 18.1
Network In (MB/s): 10.9
Network Out (MB/s): 9.4

Date: 2024-10-17 18:00:00
CPU Usage (%): 49.8
Memory Usage (GB): 48.4 / 64.0 (75.6%)
Disk Read (MB/s): 27.9
Disk Write (MB/s): 24.6
Network In (MB/s): 14.1
Network Out (MB/s): 12.9

---

Date: 2024-10-18 00:00:00
CPU Usage (%): 38.0
Memory Usage (GB): 47.2 / 64.0 (73.8%)
Disk Read (MB/s): 22.1
Disk Write (MB/s): 19.8
Network In (MB/s): 11.4
Network Out (MB/s): 9.7

Date: 2024-10-18 06:00:00
CPU Usage (%): 45.3
Memory Usage (GB): 47.7 / 64.0 (74.5%)
Disk Read (MB/s): 28.3
Disk Write (MB/s): 23.1
Network In (MB/s): 12.9
Network Out (MB/s): 11.6

Date: 2024-10-18 12:00:00
CPU Usage (%): 32.9
Memory Usage (GB): 47.3 / 64.0 (73.9%)
Disk Read (MB/s): 17.3
Disk Write (MB/s): 18.0
Network In (MB/s): 10.3
Network Out (MB/s): 8.9

Date: 2024-10-18 18:00:00
CPU Usage (%): 52.6
Memory Usage (GB): 49.1 / 64.0 (76.7%)
Disk Read (MB/s): 31.7
Disk Write (MB/s): 26.2
Network In (MB/s): 15.0
Network Out (MB/s): 13.5

---

Date: 2024-10-19 00:00:00
CPU Usage (%): 40.2
Memory Usage (GB): 47.8 / 64.0 (74.7%)
Disk Read (MB/s): 23.7
Disk Write (MB/s): 19.9
Network In (MB/s): 12.1
Network Out (MB/s): 9.9

Date: 2024-10-19 06:00:00
CPU Usage (%): 48.7
Memory Usage (GB): 48.4 / 64.0 (75.6%)
Disk Read (MB/s): 29.4
Disk Write (MB/s): 24.8
Network In (MB/s): 13.7
Network Out (MB/s): 11.9

Date: 2024-10-19 12:00:00
CPU Usage (%): 34.1
Memory Usage (GB): 48.1 / 64.0 (75.2%)
Disk Read (MB/s): 18.9
Disk Write (MB/s): 19.2
Network In (MB/s): 10.6
Network Out (MB/s): 9.2

Date: 2024-10-19 18:00:00
CPU Usage (%): 54.1
Memory Usage (GB): 49.3 / 64.0 (77.0%)
Disk Read (MB/s): 33.0
Disk Write (MB/s): 27.6
Network In (MB/s): 15.4
Network Out (MB/s): 14.1

---

Date: 2024-10-20 00:00:00
CPU Usage (%): 41.3
Memory Usage (GB): 48.6 / 64.0 (75.9%)
Disk Read (MB/s): 24.4
Disk Write (MB/s): 20.2
Network In (MB/s): 12.4
Network Out (MB/s): 10.3

Date: 2024-10-20 06:00:00
CPU Usage (%): 50.8
Memory Usage (GB): 49.1 / 64.0 (76.7%)
Disk Read (MB/s): 30.9
Disk Write (MB/s): 25.9
Network In (MB/s): 14.3
Network Out (MB/s): 12.1

Date: 2024-10-20 12:00:00
CPU Usage (%): 36.5
Memory Usage (GB): 48.7 / 64.0 (76.1%)
Disk Read (MB/s): 19.2
Disk Write (MB/s): 19.5
Network In (MB/s): 11.0
Network Out (MB/s): 9.5

Date: 2024-10-20 18:00:00
CPU Usage (%): 53.3
Memory Usage (GB): 50.1 / 64.0 (78.3%)
Disk Read (MB/s): 32.4
Disk Write (MB/s): 26.8
Network In (MB/s): 14.8
Network Out (MB/s): 13.0

---

Date: 2024-10-21 00:00:00
CPU Usage (%): 42.8
Memory Usage (GB): 49.3 / 64.0 (77.0%)
Disk Read (MB/s): 25.1
Disk Write (MB/s): 21.0
Network In (MB/s): 12.9
Network Out (MB/s): 10.8

Date: 2024-10-21 06:00:00
CPU Usage (%): 52.1
Memory Usage (GB): 50.2 / 64.0 (78.4%)
Disk Read (MB/s): 31.4
Disk Write (MB/s): 26.1
Network In (MB/s): 14.6
Network Out (MB/s): 12.7

Date: 2024-10-21 12:00:00
CPU Usage (%): 38.9
Memory Usage (GB): 49.8 / 64.0 (77.8%)
Disk Read (MB/s): 20.1
Disk Write (MB/s): 20.4
Network In (MB/s): 11.2
Network Out (MB/s): 9.9

Date: 2024-10-21 18:00:00
CPU Usage (%): 55.7
Memory Usage (GB): 51.0 / 64.0 (79.7%)
Disk Read (MB/s): 34.1
Disk Write (MB/s): 28.3
Network In (MB/s): 15.6
Network Out (MB/s): 13.8

--- END OF LOG ---